2024-03-10 18:31:41.036 [info] Log level: Info
2024-03-10 18:31:41.036 [info] Validating found git in: "git"
2024-03-10 18:31:41.036 [info] Using git "2.44.0" from "git"
2024-03-10 18:31:41.036 [info] > git rev-parse --show-toplevel [5ms]
2024-03-10 18:31:41.036 [info] fatal: not a git repository (or any parent up to mount point /)
Stopping at filesystem boundary (GIT_DISCOVERY_ACROSS_FILESYSTEM not set).
2024-03-10 18:31:41.036 [info] > git rev-parse --show-toplevel [42ms]
2024-03-10 18:31:41.036 [info] fatal: not a git repository (or any parent up to mount point /)
Stopping at filesystem boundary (GIT_DISCOVERY_ACROSS_FILESYSTEM not set).
2024-03-10 18:31:41.046 [info] > git rev-parse --show-toplevel [10ms]
2024-03-10 18:31:41.046 [info] fatal: not a git repository (or any parent up to mount point /)
Stopping at filesystem boundary (GIT_DISCOVERY_ACROSS_FILESYSTEM not set).
2024-03-10 18:31:41.063 [info] > git rev-parse --show-toplevel [5ms]
2024-03-10 18:31:41.063 [info] fatal: not a git repository (or any parent up to mount point /)
Stopping at filesystem boundary (GIT_DISCOVERY_ACROSS_FILESYSTEM not set).
2024-03-10 18:31:41.087 [info] > git rev-parse --show-toplevel [14ms]
2024-03-10 18:31:41.087 [info] fatal: not a git repository (or any parent up to mount point /)
Stopping at filesystem boundary (GIT_DISCOVERY_ACROSS_FILESYSTEM not set).
2024-03-10 18:31:41.099 [info] > git rev-parse --show-toplevel [0ms]
2024-03-10 18:31:41.099 [info] fatal: not a git repository (or any parent up to mount point /)
Stopping at filesystem boundary (GIT_DISCOVERY_ACROSS_FILESYSTEM not set).
2024-03-10 18:31:41.114 [info] > git rev-parse --show-toplevel [1ms]
2024-03-10 18:31:41.114 [info] fatal: not a git repository (or any parent up to mount point /)
Stopping at filesystem boundary (GIT_DISCOVERY_ACROSS_FILESYSTEM not set).
2024-03-10 18:31:41.125 [info] > git rev-parse --show-toplevel [1ms]
2024-03-10 18:31:41.125 [info] fatal: not a git repository (or any parent up to mount point /)
Stopping at filesystem boundary (GIT_DISCOVERY_ACROSS_FILESYSTEM not set).
2024-03-10 18:31:41.133 [info] > git rev-parse --show-toplevel [3ms]
2024-03-10 18:31:41.133 [info] fatal: not a git repository (or any parent up to mount point /)
Stopping at filesystem boundary (GIT_DISCOVERY_ACROSS_FILESYSTEM not set).
2024-03-10 18:31:41.140 [info] > git rev-parse --show-toplevel [2ms]
2024-03-10 18:31:41.140 [info] fatal: not a git repository (or any parent up to mount point /)
Stopping at filesystem boundary (GIT_DISCOVERY_ACROSS_FILESYSTEM not set).
2024-03-10 18:31:41.149 [info] > git rev-parse --show-toplevel [5ms]
2024-03-10 18:31:41.149 [info] fatal: not a git repository (or any parent up to mount point /)
Stopping at filesystem boundary (GIT_DISCOVERY_ACROSS_FILESYSTEM not set).
2024-03-10 18:31:41.154 [info] > git rev-parse --show-toplevel [2ms]
2024-03-10 18:31:41.154 [info] fatal: not a git repository (or any parent up to mount point /)
Stopping at filesystem boundary (GIT_DISCOVERY_ACROSS_FILESYSTEM not set).
2024-03-10 18:31:41.159 [info] > git rev-parse --show-toplevel [2ms]
2024-03-10 18:31:41.159 [info] fatal: not a git repository (or any parent up to mount point /)
Stopping at filesystem boundary (GIT_DISCOVERY_ACROSS_FILESYSTEM not set).
2024-03-10 18:31:41.166 [info] > git rev-parse --show-toplevel [4ms]
2024-03-10 18:31:41.166 [info] fatal: not a git repository (or any parent up to mount point /)
Stopping at filesystem boundary (GIT_DISCOVERY_ACROSS_FILESYSTEM not set).
2024-03-10 18:31:41.171 [info] > git rev-parse --show-toplevel [2ms]
2024-03-10 18:31:41.171 [info] fatal: not a git repository (or any parent up to mount point /)
Stopping at filesystem boundary (GIT_DISCOVERY_ACROSS_FILESYSTEM not set).
2024-03-10 18:31:41.181 [info] > git rev-parse --show-toplevel [1ms]
2024-03-10 18:31:41.182 [info] fatal: not a git repository (or any parent up to mount point /)
Stopping at filesystem boundary (GIT_DISCOVERY_ACROSS_FILESYSTEM not set).
2024-03-10 18:31:41.187 [info] > git rev-parse --show-toplevel [2ms]
2024-03-10 18:31:41.187 [info] fatal: not a git repository (or any parent up to mount point /)
Stopping at filesystem boundary (GIT_DISCOVERY_ACROSS_FILESYSTEM not set).
2024-03-10 18:31:41.193 [info] > git rev-parse --show-toplevel [3ms]
2024-03-10 18:31:41.193 [info] fatal: not a git repository (or any parent up to mount point /)
Stopping at filesystem boundary (GIT_DISCOVERY_ACROSS_FILESYSTEM not set).
2024-03-10 18:31:41.255 [info] > git rev-parse --show-toplevel [3ms]
2024-03-10 18:31:41.255 [info] fatal: not a git repository (or any parent up to mount point /)
Stopping at filesystem boundary (GIT_DISCOVERY_ACROSS_FILESYSTEM not set).
2024-03-10 18:31:55.742 [info] > git rev-parse --show-toplevel [2ms]
2024-03-10 18:31:55.742 [info] fatal: not a git repository (or any parent up to mount point /)
Stopping at filesystem boundary (GIT_DISCOVERY_ACROSS_FILESYSTEM not set).
2024-03-10 18:35:16.517 [info] > git rev-parse --show-toplevel [2ms]
2024-03-10 18:35:16.517 [info] fatal: not a git repository (or any parent up to mount point /)
Stopping at filesystem boundary (GIT_DISCOVERY_ACROSS_FILESYSTEM not set).
2024-03-10 18:36:08.335 [info] > git rev-parse --show-toplevel [1ms]
2024-03-10 18:36:08.335 [info] fatal: not a git repository (or any parent up to mount point /)
Stopping at filesystem boundary (GIT_DISCOVERY_ACROSS_FILESYSTEM not set).
2024-03-10 18:36:41.123 [info] > git rev-parse --show-toplevel [2ms]
2024-03-10 18:36:41.123 [info] fatal: not a git repository (or any parent up to mount point /)
Stopping at filesystem boundary (GIT_DISCOVERY_ACROSS_FILESYSTEM not set).
2024-03-10 18:36:44.047 [info] > git rev-parse --show-toplevel [1ms]
2024-03-10 18:36:44.047 [info] fatal: not a git repository (or any parent up to mount point /)
Stopping at filesystem boundary (GIT_DISCOVERY_ACROSS_FILESYSTEM not set).
