2024-03-10 18:11:57.979 [info] Log level: Info
2024-03-10 18:11:57.979 [info] Validating found git in: "git"
2024-03-10 18:11:57.979 [info] Using git "2.44.0" from "git"
2024-03-10 18:11:57.979 [info] > git rev-parse --show-toplevel [3ms]
2024-03-10 18:11:57.979 [info] fatal: not a git repository (or any parent up to mount point /)
Stopping at filesystem boundary (GIT_DISCOVERY_ACROSS_FILESYSTEM not set).
2024-03-10 18:11:57.979 [info] > git rev-parse --show-toplevel [3ms]
2024-03-10 18:11:57.979 [info] fatal: not a git repository (or any parent up to mount point /)
Stopping at filesystem boundary (GIT_DISCOVERY_ACROSS_FILESYSTEM not set).
2024-03-10 18:11:57.999 [info] > git rev-parse --show-toplevel [15ms]
2024-03-10 18:11:57.999 [info] fatal: not a git repository (or any parent up to mount point /)
Stopping at filesystem boundary (GIT_DISCOVERY_ACROSS_FILESYSTEM not set).
2024-03-10 18:11:58.028 [info] > git rev-parse --show-toplevel [12ms]
2024-03-10 18:11:58.028 [info] fatal: not a git repository (or any parent up to mount point /)
Stopping at filesystem boundary (GIT_DISCOVERY_ACROSS_FILESYSTEM not set).
2024-03-10 18:11:58.044 [info] > git rev-parse --show-toplevel [10ms]
2024-03-10 18:11:58.044 [info] fatal: not a git repository (or any parent up to mount point /)
Stopping at filesystem boundary (GIT_DISCOVERY_ACROSS_FILESYSTEM not set).
2024-03-10 18:11:58.053 [info] > git rev-parse --show-toplevel [4ms]
2024-03-10 18:11:58.053 [info] fatal: not a git repository (or any parent up to mount point /)
Stopping at filesystem boundary (GIT_DISCOVERY_ACROSS_FILESYSTEM not set).
2024-03-10 18:11:58.061 [info] > git rev-parse --show-toplevel [1ms]
2024-03-10 18:11:58.061 [info] fatal: not a git repository (or any parent up to mount point /)
Stopping at filesystem boundary (GIT_DISCOVERY_ACROSS_FILESYSTEM not set).
2024-03-10 18:11:58.070 [info] > git rev-parse --show-toplevel [1ms]
2024-03-10 18:11:58.070 [info] fatal: not a git repository (or any parent up to mount point /)
Stopping at filesystem boundary (GIT_DISCOVERY_ACROSS_FILESYSTEM not set).
2024-03-10 18:11:58.079 [info] > git rev-parse --show-toplevel [5ms]
2024-03-10 18:11:58.079 [info] fatal: not a git repository (or any parent up to mount point /)
Stopping at filesystem boundary (GIT_DISCOVERY_ACROSS_FILESYSTEM not set).
2024-03-10 18:11:58.086 [info] > git rev-parse --show-toplevel [1ms]
2024-03-10 18:11:58.086 [info] fatal: not a git repository (or any parent up to mount point /)
Stopping at filesystem boundary (GIT_DISCOVERY_ACROSS_FILESYSTEM not set).
2024-03-10 18:11:58.093 [info] > git rev-parse --show-toplevel [1ms]
2024-03-10 18:11:58.093 [info] fatal: not a git repository (or any parent up to mount point /)
Stopping at filesystem boundary (GIT_DISCOVERY_ACROSS_FILESYSTEM not set).
2024-03-10 18:11:58.107 [info] > git rev-parse --show-toplevel [6ms]
2024-03-10 18:11:58.107 [info] fatal: not a git repository (or any parent up to mount point /)
Stopping at filesystem boundary (GIT_DISCOVERY_ACROSS_FILESYSTEM not set).
2024-03-10 18:11:58.116 [info] > git rev-parse --show-toplevel [2ms]
2024-03-10 18:11:58.116 [info] fatal: not a git repository (or any parent up to mount point /)
Stopping at filesystem boundary (GIT_DISCOVERY_ACROSS_FILESYSTEM not set).
2024-03-10 18:11:58.129 [info] > git rev-parse --show-toplevel [4ms]
2024-03-10 18:11:58.129 [info] fatal: not a git repository (or any parent up to mount point /)
Stopping at filesystem boundary (GIT_DISCOVERY_ACROSS_FILESYSTEM not set).
2024-03-10 18:11:58.143 [info] > git rev-parse --show-toplevel [2ms]
2024-03-10 18:11:58.143 [info] fatal: not a git repository (or any parent up to mount point /)
Stopping at filesystem boundary (GIT_DISCOVERY_ACROSS_FILESYSTEM not set).
2024-03-10 18:11:58.155 [info] > git rev-parse --show-toplevel [1ms]
2024-03-10 18:11:58.155 [info] fatal: not a git repository (or any parent up to mount point /)
Stopping at filesystem boundary (GIT_DISCOVERY_ACROSS_FILESYSTEM not set).
2024-03-10 18:11:58.167 [info] > git rev-parse --show-toplevel [4ms]
2024-03-10 18:11:58.167 [info] fatal: not a git repository (or any parent up to mount point /)
Stopping at filesystem boundary (GIT_DISCOVERY_ACROSS_FILESYSTEM not set).
2024-03-10 18:11:58.238 [info] > git rev-parse --show-toplevel [3ms]
2024-03-10 18:11:58.238 [info] fatal: not a git repository (or any parent up to mount point /)
Stopping at filesystem boundary (GIT_DISCOVERY_ACROSS_FILESYSTEM not set).
2024-03-10 18:11:58.411 [info] > git rev-parse --show-toplevel [3ms]
2024-03-10 18:11:58.411 [info] fatal: not a git repository (or any parent up to mount point /)
Stopping at filesystem boundary (GIT_DISCOVERY_ACROSS_FILESYSTEM not set).
