2024-03-10 18:21:28.435 [info] Log level: Info
2024-03-10 18:21:28.435 [info] Validating found git in: "git"
2024-03-10 18:21:28.435 [info] Using git "2.44.0" from "git"
2024-03-10 18:21:28.435 [info] > git rev-parse --show-toplevel [8ms]
2024-03-10 18:21:28.435 [info] fatal: not a git repository (or any parent up to mount point /)
Stopping at filesystem boundary (GIT_DISCOVERY_ACROSS_FILESYSTEM not set).
2024-03-10 18:21:28.435 [info] > git rev-parse --show-toplevel [37ms]
2024-03-10 18:21:28.435 [info] fatal: not a git repository (or any parent up to mount point /)
Stopping at filesystem boundary (GIT_DISCOVERY_ACROSS_FILESYSTEM not set).
2024-03-10 18:21:28.436 [info] > git rev-parse --show-toplevel [3ms]
2024-03-10 18:21:28.436 [info] fatal: not a git repository (or any parent up to mount point /)
Stopping at filesystem boundary (GIT_DISCOVERY_ACROSS_FILESYSTEM not set).
2024-03-10 18:21:28.479 [info] > git rev-parse --show-toplevel [5ms]
2024-03-10 18:21:28.479 [info] fatal: not a git repository (or any parent up to mount point /)
Stopping at filesystem boundary (GIT_DISCOVERY_ACROSS_FILESYSTEM not set).
2024-03-10 18:21:28.504 [info] > git rev-parse --show-toplevel [8ms]
2024-03-10 18:21:28.504 [info] fatal: not a git repository (or any parent up to mount point /)
Stopping at filesystem boundary (GIT_DISCOVERY_ACROSS_FILESYSTEM not set).
2024-03-10 18:21:28.523 [info] > git rev-parse --show-toplevel [5ms]
2024-03-10 18:21:28.523 [info] fatal: not a git repository (or any parent up to mount point /)
Stopping at filesystem boundary (GIT_DISCOVERY_ACROSS_FILESYSTEM not set).
2024-03-10 18:21:28.532 [info] > git rev-parse --show-toplevel [2ms]
2024-03-10 18:21:28.532 [info] fatal: not a git repository (or any parent up to mount point /)
Stopping at filesystem boundary (GIT_DISCOVERY_ACROSS_FILESYSTEM not set).
2024-03-10 18:21:28.539 [info] > git rev-parse --show-toplevel [2ms]
2024-03-10 18:21:28.539 [info] fatal: not a git repository (or any parent up to mount point /)
Stopping at filesystem boundary (GIT_DISCOVERY_ACROSS_FILESYSTEM not set).
2024-03-10 18:21:28.560 [info] > git rev-parse --show-toplevel [1ms]
2024-03-10 18:21:28.560 [info] fatal: not a git repository (or any parent up to mount point /)
Stopping at filesystem boundary (GIT_DISCOVERY_ACROSS_FILESYSTEM not set).
2024-03-10 18:21:28.572 [info] > git rev-parse --show-toplevel [4ms]
2024-03-10 18:21:28.573 [info] fatal: not a git repository (or any parent up to mount point /)
Stopping at filesystem boundary (GIT_DISCOVERY_ACROSS_FILESYSTEM not set).
2024-03-10 18:21:28.590 [info] > git rev-parse --show-toplevel [2ms]
2024-03-10 18:21:28.590 [info] fatal: not a git repository (or any parent up to mount point /)
Stopping at filesystem boundary (GIT_DISCOVERY_ACROSS_FILESYSTEM not set).
2024-03-10 18:21:28.597 [info] > git rev-parse --show-toplevel [1ms]
2024-03-10 18:21:28.597 [info] fatal: not a git repository (or any parent up to mount point /)
Stopping at filesystem boundary (GIT_DISCOVERY_ACROSS_FILESYSTEM not set).
2024-03-10 18:21:28.609 [info] > git rev-parse --show-toplevel [1ms]
2024-03-10 18:21:28.609 [info] fatal: not a git repository (or any parent up to mount point /)
Stopping at filesystem boundary (GIT_DISCOVERY_ACROSS_FILESYSTEM not set).
2024-03-10 18:21:28.618 [info] > git rev-parse --show-toplevel [2ms]
2024-03-10 18:21:28.618 [info] fatal: not a git repository (or any parent up to mount point /)
Stopping at filesystem boundary (GIT_DISCOVERY_ACROSS_FILESYSTEM not set).
2024-03-10 18:21:28.626 [info] > git rev-parse --show-toplevel [2ms]
2024-03-10 18:21:28.626 [info] fatal: not a git repository (or any parent up to mount point /)
Stopping at filesystem boundary (GIT_DISCOVERY_ACROSS_FILESYSTEM not set).
2024-03-10 18:21:28.642 [info] > git rev-parse --show-toplevel [1ms]
2024-03-10 18:21:28.642 [info] fatal: not a git repository (or any parent up to mount point /)
Stopping at filesystem boundary (GIT_DISCOVERY_ACROSS_FILESYSTEM not set).
2024-03-10 18:21:28.658 [info] > git rev-parse --show-toplevel [2ms]
2024-03-10 18:21:28.658 [info] fatal: not a git repository (or any parent up to mount point /)
Stopping at filesystem boundary (GIT_DISCOVERY_ACROSS_FILESYSTEM not set).
2024-03-10 18:21:28.858 [info] > git rev-parse --show-toplevel [18ms]
2024-03-10 18:21:28.859 [info] fatal: not a git repository (or any parent up to mount point /)
Stopping at filesystem boundary (GIT_DISCOVERY_ACROSS_FILESYSTEM not set).
2024-03-10 18:21:30.092 [info] > git rev-parse --show-toplevel [4ms]
2024-03-10 18:21:30.092 [info] fatal: not a git repository (or any parent up to mount point /)
Stopping at filesystem boundary (GIT_DISCOVERY_ACROSS_FILESYSTEM not set).
2024-03-10 18:27:08.403 [info] > git rev-parse --show-toplevel [4ms]
2024-03-10 18:27:08.403 [info] fatal: not a git repository (or any parent up to mount point /)
Stopping at filesystem boundary (GIT_DISCOVERY_ACROSS_FILESYSTEM not set).
