2024-03-10 19:13:14.365 [info] Log level: Info
2024-03-10 19:13:14.365 [info] Validating found git in: "git"
2024-03-10 19:13:14.365 [info] Using git "2.44.0" from "git"
2024-03-10 19:13:14.365 [info] > git rev-parse --show-toplevel [12ms]
2024-03-10 19:13:14.365 [info] fatal: not a git repository (or any parent up to mount point /)
Stopping at filesystem boundary (GIT_DISCOVERY_ACROSS_FILESYSTEM not set).
2024-03-10 19:13:14.365 [info] > git rev-parse --show-toplevel [37ms]
2024-03-10 19:13:14.365 [info] fatal: not a git repository (or any parent up to mount point /)
Stopping at filesystem boundary (GIT_DISCOVERY_ACROSS_FILESYSTEM not set).
2024-03-10 19:13:14.366 [info] > git rev-parse --show-toplevel [4ms]
2024-03-10 19:13:14.366 [info] fatal: not a git repository (or any parent up to mount point /)
Stopping at filesystem boundary (GIT_DISCOVERY_ACROSS_FILESYSTEM not set).
2024-03-10 19:13:14.380 [info] > git rev-parse --show-toplevel [1ms]
2024-03-10 19:13:14.380 [info] fatal: not a git repository (or any parent up to mount point /)
Stopping at filesystem boundary (GIT_DISCOVERY_ACROSS_FILESYSTEM not set).
2024-03-10 19:13:14.393 [info] > git rev-parse --show-toplevel [3ms]
2024-03-10 19:13:14.393 [info] fatal: not a git repository (or any parent up to mount point /)
Stopping at filesystem boundary (GIT_DISCOVERY_ACROSS_FILESYSTEM not set).
2024-03-10 19:13:14.403 [info] > git rev-parse --show-toplevel [4ms]
2024-03-10 19:13:14.403 [info] fatal: not a git repository (or any parent up to mount point /)
Stopping at filesystem boundary (GIT_DISCOVERY_ACROSS_FILESYSTEM not set).
2024-03-10 19:13:14.419 [info] > git rev-parse --show-toplevel [4ms]
2024-03-10 19:13:14.419 [info] fatal: not a git repository (or any parent up to mount point /)
Stopping at filesystem boundary (GIT_DISCOVERY_ACROSS_FILESYSTEM not set).
2024-03-10 19:13:14.431 [info] > git rev-parse --show-toplevel [6ms]
2024-03-10 19:13:14.431 [info] fatal: not a git repository (or any parent up to mount point /)
Stopping at filesystem boundary (GIT_DISCOVERY_ACROSS_FILESYSTEM not set).
2024-03-10 19:13:14.450 [info] > git rev-parse --show-toplevel [10ms]
2024-03-10 19:13:14.450 [info] fatal: not a git repository (or any parent up to mount point /)
Stopping at filesystem boundary (GIT_DISCOVERY_ACROSS_FILESYSTEM not set).
2024-03-10 19:13:14.465 [info] > git rev-parse --show-toplevel [7ms]
2024-03-10 19:13:14.465 [info] fatal: not a git repository (or any parent up to mount point /)
Stopping at filesystem boundary (GIT_DISCOVERY_ACROSS_FILESYSTEM not set).
2024-03-10 19:13:14.478 [info] > git rev-parse --show-toplevel [7ms]
2024-03-10 19:13:14.478 [info] fatal: not a git repository (or any parent up to mount point /)
Stopping at filesystem boundary (GIT_DISCOVERY_ACROSS_FILESYSTEM not set).
2024-03-10 19:13:14.491 [info] > git rev-parse --show-toplevel [5ms]
2024-03-10 19:13:14.491 [info] fatal: not a git repository (or any parent up to mount point /)
Stopping at filesystem boundary (GIT_DISCOVERY_ACROSS_FILESYSTEM not set).
2024-03-10 19:13:14.506 [info] > git rev-parse --show-toplevel [7ms]
2024-03-10 19:13:14.506 [info] fatal: not a git repository (or any parent up to mount point /)
Stopping at filesystem boundary (GIT_DISCOVERY_ACROSS_FILESYSTEM not set).
2024-03-10 19:13:14.522 [info] > git rev-parse --show-toplevel [4ms]
2024-03-10 19:13:14.522 [info] fatal: not a git repository (or any parent up to mount point /)
Stopping at filesystem boundary (GIT_DISCOVERY_ACROSS_FILESYSTEM not set).
2024-03-10 19:13:14.538 [info] > git rev-parse --show-toplevel [3ms]
2024-03-10 19:13:14.538 [info] fatal: not a git repository (or any parent up to mount point /)
Stopping at filesystem boundary (GIT_DISCOVERY_ACROSS_FILESYSTEM not set).
2024-03-10 19:13:14.554 [info] > git rev-parse --show-toplevel [5ms]
2024-03-10 19:13:14.554 [info] fatal: not a git repository (or any parent up to mount point /)
Stopping at filesystem boundary (GIT_DISCOVERY_ACROSS_FILESYSTEM not set).
2024-03-10 19:13:14.560 [info] > git rev-parse --show-toplevel [1ms]
2024-03-10 19:13:14.561 [info] fatal: not a git repository (or any parent up to mount point /)
Stopping at filesystem boundary (GIT_DISCOVERY_ACROSS_FILESYSTEM not set).
2024-03-10 19:13:14.572 [info] > git rev-parse --show-toplevel [6ms]
2024-03-10 19:13:14.573 [info] fatal: not a git repository (or any parent up to mount point /)
Stopping at filesystem boundary (GIT_DISCOVERY_ACROSS_FILESYSTEM not set).
2024-03-10 19:13:14.595 [info] > git rev-parse --show-toplevel [8ms]
2024-03-10 19:13:14.595 [info] fatal: not a git repository (or any parent up to mount point /)
Stopping at filesystem boundary (GIT_DISCOVERY_ACROSS_FILESYSTEM not set).
2024-03-10 19:13:14.612 [info] > git rev-parse --show-toplevel [3ms]
2024-03-10 19:13:14.613 [info] fatal: not a git repository (or any parent up to mount point /)
Stopping at filesystem boundary (GIT_DISCOVERY_ACROSS_FILESYSTEM not set).
2024-03-10 19:13:14.757 [info] > git rev-parse --show-toplevel [5ms]
2024-03-10 19:13:14.757 [info] fatal: not a git repository (or any parent up to mount point /)
Stopping at filesystem boundary (GIT_DISCOVERY_ACROSS_FILESYSTEM not set).
2024-03-10 19:13:16.446 [info] > git rev-parse --show-toplevel [2ms]
2024-03-10 19:13:16.446 [info] fatal: not a git repository (or any parent up to mount point /)
Stopping at filesystem boundary (GIT_DISCOVERY_ACROSS_FILESYSTEM not set).
2024-03-10 19:13:30.716 [info] > git rev-parse --show-toplevel [2ms]
2024-03-10 19:13:30.722 [info] > git rev-parse --git-dir --git-common-dir [2ms]
2024-03-10 19:13:30.730 [info] Open repository: /home/capataina/.config
2024-03-10 19:13:30.739 [info] No remotes found in the git config file.
2024-03-10 19:13:30.740 [info] > git config --get commit.template [5ms]
2024-03-10 19:13:30.743 [info] > git for-each-ref --format=%(refname)%00%(upstream:short)%00%(objectname)%00%(upstream:track)%00%(upstream:remotename)%00%(upstream:remoteref) refs/heads/master refs/remotes/master [4ms]
2024-03-10 19:13:30.743 [warning] No such branch: master.
2024-03-10 19:13:30.752 [info] > git status -z -uall [4ms]
2024-03-10 19:13:30.807 [info] > git config --get commit.template [15ms]
2024-03-10 19:13:30.814 [info] No remotes found in the git config file.
2024-03-10 19:13:30.816 [info] > git for-each-ref --format=%(refname)%00%(upstream:short)%00%(objectname)%00%(upstream:track)%00%(upstream:remotename)%00%(upstream:remoteref) refs/heads/master refs/remotes/master [3ms]
2024-03-10 19:13:30.816 [warning] No such branch: master.
2024-03-10 19:13:30.822 [info] > git status -z -uall [4ms]
2024-03-10 19:13:31.103 [info] > git show --textconv :sxhkd/sxhkdrc [5ms]
2024-03-10 19:13:31.104 [info] > git ls-files --stage -- /home/capataina/.config/sxhkd/sxhkdrc [2ms]
2024-03-10 19:13:31.256 [info] > git check-ignore -v -z --stdin [2ms]
