2024-03-10 19:01:04.259 [info] Log level: Info
2024-03-10 19:01:04.259 [info] Validating found git in: "git"
2024-03-10 19:01:04.259 [info] Using git "2.44.0" from "git"
2024-03-10 19:01:04.259 [info] > git rev-parse --show-toplevel [4ms]
2024-03-10 19:01:04.259 [info] fatal: not a git repository (or any parent up to mount point /)
Stopping at filesystem boundary (GIT_DISCOVERY_ACROSS_FILESYSTEM not set).
2024-03-10 19:01:04.259 [info] > git rev-parse --show-toplevel [34ms]
2024-03-10 19:01:04.259 [info] fatal: not a git repository (or any parent up to mount point /)
Stopping at filesystem boundary (GIT_DISCOVERY_ACROSS_FILESYSTEM not set).
2024-03-10 19:01:04.290 [info] > git rev-parse --show-toplevel [15ms]
2024-03-10 19:01:04.290 [info] fatal: not a git repository (or any parent up to mount point /)
Stopping at filesystem boundary (GIT_DISCOVERY_ACROSS_FILESYSTEM not set).
2024-03-10 19:01:04.302 [info] > git rev-parse --show-toplevel [3ms]
2024-03-10 19:01:04.302 [info] fatal: not a git repository (or any parent up to mount point /)
Stopping at filesystem boundary (GIT_DISCOVERY_ACROSS_FILESYSTEM not set).
2024-03-10 19:01:04.313 [info] > git rev-parse --show-toplevel [6ms]
2024-03-10 19:01:04.313 [info] fatal: not a git repository (or any parent up to mount point /)
Stopping at filesystem boundary (GIT_DISCOVERY_ACROSS_FILESYSTEM not set).
2024-03-10 19:01:04.329 [info] > git rev-parse --show-toplevel [7ms]
2024-03-10 19:01:04.329 [info] fatal: not a git repository (or any parent up to mount point /)
Stopping at filesystem boundary (GIT_DISCOVERY_ACROSS_FILESYSTEM not set).
2024-03-10 19:01:04.337 [info] > git rev-parse --show-toplevel [3ms]
2024-03-10 19:01:04.337 [info] fatal: not a git repository (or any parent up to mount point /)
Stopping at filesystem boundary (GIT_DISCOVERY_ACROSS_FILESYSTEM not set).
2024-03-10 19:01:04.351 [info] > git rev-parse --show-toplevel [2ms]
2024-03-10 19:01:04.351 [info] fatal: not a git repository (or any parent up to mount point /)
Stopping at filesystem boundary (GIT_DISCOVERY_ACROSS_FILESYSTEM not set).
2024-03-10 19:01:04.360 [info] > git rev-parse --show-toplevel [5ms]
2024-03-10 19:01:04.360 [info] fatal: not a git repository (or any parent up to mount point /)
Stopping at filesystem boundary (GIT_DISCOVERY_ACROSS_FILESYSTEM not set).
2024-03-10 19:01:04.376 [info] > git rev-parse --show-toplevel [4ms]
2024-03-10 19:01:04.376 [info] fatal: not a git repository (or any parent up to mount point /)
Stopping at filesystem boundary (GIT_DISCOVERY_ACROSS_FILESYSTEM not set).
2024-03-10 19:01:04.382 [info] > git rev-parse --show-toplevel [2ms]
2024-03-10 19:01:04.382 [info] fatal: not a git repository (or any parent up to mount point /)
Stopping at filesystem boundary (GIT_DISCOVERY_ACROSS_FILESYSTEM not set).
2024-03-10 19:01:04.400 [info] > git rev-parse --show-toplevel [3ms]
2024-03-10 19:01:04.400 [info] fatal: not a git repository (or any parent up to mount point /)
Stopping at filesystem boundary (GIT_DISCOVERY_ACROSS_FILESYSTEM not set).
2024-03-10 19:01:04.407 [info] > git rev-parse --show-toplevel [2ms]
2024-03-10 19:01:04.407 [info] fatal: not a git repository (or any parent up to mount point /)
Stopping at filesystem boundary (GIT_DISCOVERY_ACROSS_FILESYSTEM not set).
2024-03-10 19:01:04.413 [info] > git rev-parse --show-toplevel [1ms]
2024-03-10 19:01:04.414 [info] fatal: not a git repository (or any parent up to mount point /)
Stopping at filesystem boundary (GIT_DISCOVERY_ACROSS_FILESYSTEM not set).
2024-03-10 19:01:04.426 [info] > git rev-parse --show-toplevel [5ms]
2024-03-10 19:01:04.426 [info] fatal: not a git repository (or any parent up to mount point /)
Stopping at filesystem boundary (GIT_DISCOVERY_ACROSS_FILESYSTEM not set).
2024-03-10 19:01:04.440 [info] > git rev-parse --show-toplevel [1ms]
2024-03-10 19:01:04.440 [info] fatal: not a git repository (or any parent up to mount point /)
Stopping at filesystem boundary (GIT_DISCOVERY_ACROSS_FILESYSTEM not set).
2024-03-10 19:01:04.460 [info] > git rev-parse --show-toplevel [0ms]
2024-03-10 19:01:04.460 [info] fatal: not a git repository (or any parent up to mount point /)
Stopping at filesystem boundary (GIT_DISCOVERY_ACROSS_FILESYSTEM not set).
2024-03-10 19:01:04.472 [info] > git rev-parse --show-toplevel [4ms]
2024-03-10 19:01:04.472 [info] fatal: not a git repository (or any parent up to mount point /)
Stopping at filesystem boundary (GIT_DISCOVERY_ACROSS_FILESYSTEM not set).
2024-03-10 19:01:04.478 [info] > git rev-parse --show-toplevel [2ms]
2024-03-10 19:01:04.478 [info] fatal: not a git repository (or any parent up to mount point /)
Stopping at filesystem boundary (GIT_DISCOVERY_ACROSS_FILESYSTEM not set).
2024-03-10 19:01:04.503 [info] > git rev-parse --show-toplevel [4ms]
2024-03-10 19:01:04.503 [info] fatal: not a git repository (or any parent up to mount point /)
Stopping at filesystem boundary (GIT_DISCOVERY_ACROSS_FILESYSTEM not set).
2024-03-10 19:01:04.637 [info] > git rev-parse --show-toplevel [4ms]
2024-03-10 19:01:04.637 [info] fatal: not a git repository (or any parent up to mount point /)
Stopping at filesystem boundary (GIT_DISCOVERY_ACROSS_FILESYSTEM not set).
2024-03-10 19:02:02.818 [info] > git rev-parse --show-toplevel [2ms]
2024-03-10 19:02:02.818 [info] fatal: not a git repository (or any parent up to mount point /)
Stopping at filesystem boundary (GIT_DISCOVERY_ACROSS_FILESYSTEM not set).
