2024-03-10 18:38:40.315 [info] Log level: Info
2024-03-10 18:38:40.315 [info] Validating found git in: "git"
2024-03-10 18:38:40.315 [info] Using git "2.44.0" from "git"
2024-03-10 18:38:40.321 [info] > git rev-parse --show-toplevel [13ms]
2024-03-10 18:38:40.321 [info] fatal: not a git repository (or any parent up to mount point /)
Stopping at filesystem boundary (GIT_DISCOVERY_ACROSS_FILESYSTEM not set).
2024-03-10 18:38:40.343 [info] > git rev-parse --show-toplevel [7ms]
2024-03-10 18:38:40.343 [info] fatal: not a git repository (or any parent up to mount point /)
Stopping at filesystem boundary (GIT_DISCOVERY_ACROSS_FILESYSTEM not set).
2024-03-10 18:38:40.398 [info] > git rev-parse --show-toplevel [17ms]
2024-03-10 18:38:40.398 [info] fatal: not a git repository (or any parent up to mount point /)
Stopping at filesystem boundary (GIT_DISCOVERY_ACROSS_FILESYSTEM not set).
2024-03-10 18:38:40.406 [info] > git rev-parse --show-toplevel [2ms]
2024-03-10 18:38:40.406 [info] fatal: not a git repository (or any parent up to mount point /)
Stopping at filesystem boundary (GIT_DISCOVERY_ACROSS_FILESYSTEM not set).
2024-03-10 18:38:40.412 [info] > git rev-parse --show-toplevel [2ms]
2024-03-10 18:38:40.412 [info] fatal: not a git repository (or any parent up to mount point /)
Stopping at filesystem boundary (GIT_DISCOVERY_ACROSS_FILESYSTEM not set).
2024-03-10 18:38:40.417 [info] > git rev-parse --show-toplevel [2ms]
2024-03-10 18:38:40.417 [info] fatal: not a git repository (or any parent up to mount point /)
Stopping at filesystem boundary (GIT_DISCOVERY_ACROSS_FILESYSTEM not set).
2024-03-10 18:38:40.423 [info] > git rev-parse --show-toplevel [3ms]
2024-03-10 18:38:40.423 [info] fatal: not a git repository (or any parent up to mount point /)
Stopping at filesystem boundary (GIT_DISCOVERY_ACROSS_FILESYSTEM not set).
2024-03-10 18:38:40.433 [info] > git rev-parse --show-toplevel [4ms]
2024-03-10 18:38:40.433 [info] fatal: not a git repository (or any parent up to mount point /)
Stopping at filesystem boundary (GIT_DISCOVERY_ACROSS_FILESYSTEM not set).
2024-03-10 18:38:40.447 [info] > git rev-parse --show-toplevel [6ms]
2024-03-10 18:38:40.447 [info] fatal: not a git repository (or any parent up to mount point /)
Stopping at filesystem boundary (GIT_DISCOVERY_ACROSS_FILESYSTEM not set).
2024-03-10 18:38:40.454 [info] > git rev-parse --show-toplevel [3ms]
2024-03-10 18:38:40.454 [info] fatal: not a git repository (or any parent up to mount point /)
Stopping at filesystem boundary (GIT_DISCOVERY_ACROSS_FILESYSTEM not set).
2024-03-10 18:38:40.460 [info] > git rev-parse --show-toplevel [2ms]
2024-03-10 18:38:40.460 [info] fatal: not a git repository (or any parent up to mount point /)
Stopping at filesystem boundary (GIT_DISCOVERY_ACROSS_FILESYSTEM not set).
2024-03-10 18:38:40.468 [info] > git rev-parse --show-toplevel [2ms]
2024-03-10 18:38:40.468 [info] fatal: not a git repository (or any parent up to mount point /)
Stopping at filesystem boundary (GIT_DISCOVERY_ACROSS_FILESYSTEM not set).
2024-03-10 18:38:40.474 [info] > git rev-parse --show-toplevel [1ms]
2024-03-10 18:38:40.474 [info] fatal: not a git repository (or any parent up to mount point /)
Stopping at filesystem boundary (GIT_DISCOVERY_ACROSS_FILESYSTEM not set).
2024-03-10 18:38:40.481 [info] > git rev-parse --show-toplevel [2ms]
2024-03-10 18:38:40.481 [info] fatal: not a git repository (or any parent up to mount point /)
Stopping at filesystem boundary (GIT_DISCOVERY_ACROSS_FILESYSTEM not set).
2024-03-10 18:38:40.489 [info] > git rev-parse --show-toplevel [2ms]
2024-03-10 18:38:40.489 [info] fatal: not a git repository (or any parent up to mount point /)
Stopping at filesystem boundary (GIT_DISCOVERY_ACROSS_FILESYSTEM not set).
2024-03-10 18:38:40.498 [info] > git rev-parse --show-toplevel [5ms]
2024-03-10 18:38:40.498 [info] fatal: not a git repository (or any parent up to mount point /)
Stopping at filesystem boundary (GIT_DISCOVERY_ACROSS_FILESYSTEM not set).
2024-03-10 18:38:56.154 [info] > git rev-parse --show-toplevel [2ms]
2024-03-10 18:38:56.154 [info] fatal: not a git repository (or any parent up to mount point /)
Stopping at filesystem boundary (GIT_DISCOVERY_ACROSS_FILESYSTEM not set).
2024-03-10 18:39:01.832 [info] > git rev-parse --show-toplevel [6ms]
2024-03-10 18:39:01.832 [info] fatal: not a git repository (or any parent up to mount point /)
Stopping at filesystem boundary (GIT_DISCOVERY_ACROSS_FILESYSTEM not set).
