2024-03-10 19:06:42.180 [info] Log level: Info
2024-03-10 19:06:42.180 [info] Validating found git in: "git"
2024-03-10 19:06:42.180 [info] Using git "2.44.0" from "git"
2024-03-10 19:06:42.180 [info] > git rev-parse --show-toplevel [5ms]
2024-03-10 19:06:42.180 [info] fatal: not a git repository (or any parent up to mount point /)
Stopping at filesystem boundary (GIT_DISCOVERY_ACROSS_FILESYSTEM not set).
2024-03-10 19:06:42.181 [info] > git rev-parse --show-toplevel [4ms]
2024-03-10 19:06:42.181 [info] fatal: not a git repository (or any parent up to mount point /)
Stopping at filesystem boundary (GIT_DISCOVERY_ACROSS_FILESYSTEM not set).
2024-03-10 19:06:42.210 [info] > git rev-parse --show-toplevel [4ms]
2024-03-10 19:06:42.210 [info] fatal: not a git repository (or any parent up to mount point /)
Stopping at filesystem boundary (GIT_DISCOVERY_ACROSS_FILESYSTEM not set).
2024-03-10 19:06:42.234 [info] > git rev-parse --show-toplevel [7ms]
2024-03-10 19:06:42.234 [info] fatal: not a git repository (or any parent up to mount point /)
Stopping at filesystem boundary (GIT_DISCOVERY_ACROSS_FILESYSTEM not set).
2024-03-10 19:06:42.275 [info] > git rev-parse --show-toplevel [28ms]
2024-03-10 19:06:42.275 [info] fatal: not a git repository (or any parent up to mount point /)
Stopping at filesystem boundary (GIT_DISCOVERY_ACROSS_FILESYSTEM not set).
2024-03-10 19:06:42.313 [info] > git rev-parse --show-toplevel [5ms]
2024-03-10 19:06:42.313 [info] fatal: not a git repository (or any parent up to mount point /)
Stopping at filesystem boundary (GIT_DISCOVERY_ACROSS_FILESYSTEM not set).
2024-03-10 19:06:42.323 [info] > git rev-parse --show-toplevel [5ms]
2024-03-10 19:06:42.323 [info] fatal: not a git repository (or any parent up to mount point /)
Stopping at filesystem boundary (GIT_DISCOVERY_ACROSS_FILESYSTEM not set).
2024-03-10 19:06:42.335 [info] > git rev-parse --show-toplevel [3ms]
2024-03-10 19:06:42.335 [info] fatal: not a git repository (or any parent up to mount point /)
Stopping at filesystem boundary (GIT_DISCOVERY_ACROSS_FILESYSTEM not set).
2024-03-10 19:06:42.351 [info] > git rev-parse --show-toplevel [7ms]
2024-03-10 19:06:42.351 [info] fatal: not a git repository (or any parent up to mount point /)
Stopping at filesystem boundary (GIT_DISCOVERY_ACROSS_FILESYSTEM not set).
2024-03-10 19:06:42.369 [info] > git rev-parse --show-toplevel [3ms]
2024-03-10 19:06:42.369 [info] fatal: not a git repository (or any parent up to mount point /)
Stopping at filesystem boundary (GIT_DISCOVERY_ACROSS_FILESYSTEM not set).
2024-03-10 19:06:42.385 [info] > git rev-parse --show-toplevel [3ms]
2024-03-10 19:06:42.385 [info] fatal: not a git repository (or any parent up to mount point /)
Stopping at filesystem boundary (GIT_DISCOVERY_ACROSS_FILESYSTEM not set).
2024-03-10 19:06:42.392 [info] > git rev-parse --show-toplevel [2ms]
2024-03-10 19:06:42.392 [info] fatal: not a git repository (or any parent up to mount point /)
Stopping at filesystem boundary (GIT_DISCOVERY_ACROSS_FILESYSTEM not set).
2024-03-10 19:06:42.419 [info] > git rev-parse --show-toplevel [12ms]
2024-03-10 19:06:42.419 [info] fatal: not a git repository (or any parent up to mount point /)
Stopping at filesystem boundary (GIT_DISCOVERY_ACROSS_FILESYSTEM not set).
2024-03-10 19:06:42.434 [info] > git rev-parse --show-toplevel [4ms]
2024-03-10 19:06:42.434 [info] fatal: not a git repository (or any parent up to mount point /)
Stopping at filesystem boundary (GIT_DISCOVERY_ACROSS_FILESYSTEM not set).
2024-03-10 19:06:42.441 [info] > git rev-parse --show-toplevel [1ms]
2024-03-10 19:06:42.441 [info] fatal: not a git repository (or any parent up to mount point /)
Stopping at filesystem boundary (GIT_DISCOVERY_ACROSS_FILESYSTEM not set).
2024-03-10 19:06:42.456 [info] > git rev-parse --show-toplevel [7ms]
2024-03-10 19:06:42.456 [info] fatal: not a git repository (or any parent up to mount point /)
Stopping at filesystem boundary (GIT_DISCOVERY_ACROSS_FILESYSTEM not set).
2024-03-10 19:06:42.466 [info] > git rev-parse --show-toplevel [1ms]
2024-03-10 19:06:42.466 [info] fatal: not a git repository (or any parent up to mount point /)
Stopping at filesystem boundary (GIT_DISCOVERY_ACROSS_FILESYSTEM not set).
2024-03-10 19:06:42.475 [info] > git rev-parse --show-toplevel [2ms]
2024-03-10 19:06:42.475 [info] fatal: not a git repository (or any parent up to mount point /)
Stopping at filesystem boundary (GIT_DISCOVERY_ACROSS_FILESYSTEM not set).
2024-03-10 19:06:42.489 [info] > git rev-parse --show-toplevel [1ms]
2024-03-10 19:06:42.489 [info] fatal: not a git repository (or any parent up to mount point /)
Stopping at filesystem boundary (GIT_DISCOVERY_ACROSS_FILESYSTEM not set).
2024-03-10 19:06:42.499 [info] > git rev-parse --show-toplevel [2ms]
2024-03-10 19:06:42.499 [info] fatal: not a git repository (or any parent up to mount point /)
Stopping at filesystem boundary (GIT_DISCOVERY_ACROSS_FILESYSTEM not set).
2024-03-10 19:06:42.662 [info] > git rev-parse --show-toplevel [3ms]
2024-03-10 19:06:42.662 [info] fatal: not a git repository (or any parent up to mount point /)
Stopping at filesystem boundary (GIT_DISCOVERY_ACROSS_FILESYSTEM not set).
2024-03-10 19:06:45.370 [info] > git rev-parse --show-toplevel [3ms]
2024-03-10 19:06:45.370 [info] fatal: not a git repository (or any parent up to mount point /)
Stopping at filesystem boundary (GIT_DISCOVERY_ACROSS_FILESYSTEM not set).
