2024-03-10 17:36:42.467 [info] Log level: Info
2024-03-10 17:36:42.467 [info] Validating found git in: "git"
2024-03-10 17:36:42.467 [info] Using git "2.44.0" from "git"
2024-03-10 17:36:42.467 [info] > git rev-parse --show-toplevel [7ms]
2024-03-10 17:36:42.467 [info] fatal: not a git repository (or any parent up to mount point /)
Stopping at filesystem boundary (GIT_DISCOVERY_ACROSS_FILESYSTEM not set).
2024-03-10 17:36:42.467 [info] > git rev-parse --show-toplevel [3ms]
2024-03-10 17:36:42.467 [info] fatal: not a git repository (or any parent up to mount point /)
Stopping at filesystem boundary (GIT_DISCOVERY_ACROSS_FILESYSTEM not set).
2024-03-10 17:36:42.473 [info] > git rev-parse --show-toplevel [2ms]
2024-03-10 17:36:42.474 [info] fatal: not a git repository (or any parent up to mount point /)
Stopping at filesystem boundary (GIT_DISCOVERY_ACROSS_FILESYSTEM not set).
2024-03-10 17:36:42.479 [info] > git rev-parse --show-toplevel [1ms]
2024-03-10 17:36:42.479 [info] fatal: not a git repository (or any parent up to mount point /)
Stopping at filesystem boundary (GIT_DISCOVERY_ACROSS_FILESYSTEM not set).
2024-03-10 17:36:42.483 [info] > git rev-parse --show-toplevel [1ms]
2024-03-10 17:36:42.483 [info] fatal: not a git repository (or any parent up to mount point /)
Stopping at filesystem boundary (GIT_DISCOVERY_ACROSS_FILESYSTEM not set).
2024-03-10 17:36:42.488 [info] > git rev-parse --show-toplevel [2ms]
2024-03-10 17:36:42.488 [info] fatal: not a git repository (or any parent up to mount point /)
Stopping at filesystem boundary (GIT_DISCOVERY_ACROSS_FILESYSTEM not set).
2024-03-10 17:36:42.493 [info] > git rev-parse --show-toplevel [2ms]
2024-03-10 17:36:42.493 [info] fatal: not a git repository (or any parent up to mount point /)
Stopping at filesystem boundary (GIT_DISCOVERY_ACROSS_FILESYSTEM not set).
2024-03-10 17:36:42.497 [info] > git rev-parse --show-toplevel [1ms]
2024-03-10 17:36:42.498 [info] fatal: not a git repository (or any parent up to mount point /)
Stopping at filesystem boundary (GIT_DISCOVERY_ACROSS_FILESYSTEM not set).
2024-03-10 17:36:42.503 [info] > git rev-parse --show-toplevel [1ms]
2024-03-10 17:36:42.503 [info] fatal: not a git repository (or any parent up to mount point /)
Stopping at filesystem boundary (GIT_DISCOVERY_ACROSS_FILESYSTEM not set).
2024-03-10 17:36:42.507 [info] > git rev-parse --show-toplevel [2ms]
2024-03-10 17:36:42.507 [info] fatal: not a git repository (or any parent up to mount point /)
Stopping at filesystem boundary (GIT_DISCOVERY_ACROSS_FILESYSTEM not set).
2024-03-10 17:36:42.512 [info] > git rev-parse --show-toplevel [2ms]
2024-03-10 17:36:42.512 [info] fatal: not a git repository (or any parent up to mount point /)
Stopping at filesystem boundary (GIT_DISCOVERY_ACROSS_FILESYSTEM not set).
2024-03-10 17:36:42.516 [info] > git rev-parse --show-toplevel [2ms]
2024-03-10 17:36:42.516 [info] fatal: not a git repository (or any parent up to mount point /)
Stopping at filesystem boundary (GIT_DISCOVERY_ACROSS_FILESYSTEM not set).
2024-03-10 17:36:42.521 [info] > git rev-parse --show-toplevel [2ms]
2024-03-10 17:36:42.521 [info] fatal: not a git repository (or any parent up to mount point /)
Stopping at filesystem boundary (GIT_DISCOVERY_ACROSS_FILESYSTEM not set).
2024-03-10 17:36:42.525 [info] > git rev-parse --show-toplevel [1ms]
2024-03-10 17:36:42.526 [info] fatal: not a git repository (or any parent up to mount point /)
Stopping at filesystem boundary (GIT_DISCOVERY_ACROSS_FILESYSTEM not set).
